CRITICAL - 2024-06-11 23:28:31 --> ErrorException: Undefined array key 0
in APPPATH\Controllers\Validacion.php on line 192.
 1 APPPATH\Controllers\Validacion.php(192): CodeIgniter\Debug\Exceptions->errorHandler(2, 'Undefined array key 0', 'C:\\xampp\\htdocs\\valoradorG2\\valorador\\app\\Controllers\\Validacion.php', 192)
 2 SYSTEMPATH\CodeIgniter.php(941): App\Controllers\Validacion->mostrar_valoraciones()
 3 SYSTEMPATH\CodeIgniter.php(502): CodeIgniter\CodeIgniter->runController(Object(App\Controllers\Validacion))
 4 SYSTEMPATH\CodeIgniter.php(361): CodeIgniter\CodeIgniter->handleRequest(null, Object(Config\Cache), false)
 5 FCPATH\index.php(79): CodeIgniter\CodeIgniter->run()
CRITICAL - 2024-06-11 23:34:14 --> ErrorException: Undefined array key 0
in APPPATH\Controllers\Validacion.php on line 192.
 1 APPPATH\Controllers\Validacion.php(192): CodeIgniter\Debug\Exceptions->errorHandler(2, 'Undefined array key 0', 'C:\\xampp\\htdocs\\valoradorG2\\valorador\\app\\Controllers\\Validacion.php', 192)
 2 SYSTEMPATH\CodeIgniter.php(941): App\Controllers\Validacion->mostrar_valoraciones()
 3 SYSTEMPATH\CodeIgniter.php(502): CodeIgniter\CodeIgniter->runController(Object(App\Controllers\Validacion))
 4 SYSTEMPATH\CodeIgniter.php(361): CodeIgniter\CodeIgniter->handleRequest(null, Object(Config\Cache), false)
 5 FCPATH\index.php(79): CodeIgniter\CodeIgniter->run()
CRITICAL - 2024-06-11 23:36:18 --> ErrorException: Undefined array key 0
in APPPATH\Controllers\Validacion.php on line 192.
 1 APPPATH\Controllers\Validacion.php(192): CodeIgniter\Debug\Exceptions->errorHandler(2, 'Undefined array key 0', 'C:\\xampp\\htdocs\\valoradorG2\\valorador\\app\\Controllers\\Validacion.php', 192)
 2 SYSTEMPATH\CodeIgniter.php(941): App\Controllers\Validacion->mostrar_valoraciones()
 3 SYSTEMPATH\CodeIgniter.php(502): CodeIgniter\CodeIgniter->runController(Object(App\Controllers\Validacion))
 4 SYSTEMPATH\CodeIgniter.php(361): CodeIgniter\CodeIgniter->handleRequest(null, Object(Config\Cache), false)
 5 FCPATH\index.php(79): CodeIgniter\CodeIgniter->run()
CRITICAL - 2024-06-11 23:44:18 --> ErrorException: Undefined array key 0
in APPPATH\Controllers\Validacion.php on line 192.
 1 APPPATH\Controllers\Validacion.php(192): CodeIgniter\Debug\Exceptions->errorHandler(2, 'Undefined array key 0', 'C:\\xampp\\htdocs\\valoradorG2\\valorador\\app\\Controllers\\Validacion.php', 192)
 2 SYSTEMPATH\CodeIgniter.php(941): App\Controllers\Validacion->mostrar_valoraciones()
 3 SYSTEMPATH\CodeIgniter.php(502): CodeIgniter\CodeIgniter->runController(Object(App\Controllers\Validacion))
 4 SYSTEMPATH\CodeIgniter.php(361): CodeIgniter\CodeIgniter->handleRequest(null, Object(Config\Cache), false)
 5 FCPATH\index.php(79): CodeIgniter\CodeIgniter->run()
